2022-03-19 09:51:58,069:INFO: device: cuda:1
2022-03-19 09:51:58,069:INFO: --------Process Done!--------
2022-03-19 09:52:10,639:INFO: --------Dataset Build!--------
2022-03-19 09:52:10,639:INFO: --------Get Dataloader!--------
2022-03-19 18:07:23,350:INFO: device: cuda:1
2022-03-19 18:07:23,350:INFO: --------Process Done!--------
2022-03-19 18:07:41,796:INFO: --------Dataset Build!--------
2022-03-19 18:07:41,796:INFO: --------Get Dataloader!--------
2022-03-19 18:19:20,354:INFO: device: cuda:1
2022-03-19 18:19:20,355:INFO: --------Process Done!--------
2022-03-19 18:19:38,039:INFO: --------Dataset Build!--------
2022-03-19 18:19:38,039:INFO: --------Get Dataloader!--------
2022-03-19 18:23:14,352:INFO: device: cuda:1
2022-03-19 18:23:14,357:INFO: --------Process Done!--------
2022-03-19 18:23:32,222:INFO: --------Dataset Build!--------
2022-03-19 18:23:32,223:INFO: --------Get Dataloader!--------
2022-03-19 18:36:56,511:INFO: device: cpu
2022-03-19 18:36:56,512:INFO: --------Process Done!--------
2022-03-19 18:37:13,810:INFO: --------Dataset Build!--------
2022-03-19 18:37:13,811:INFO: --------Get Dataloader!--------
2022-03-19 18:37:51,603:INFO: device: cpu
2022-03-19 18:37:51,603:INFO: --------Process Done!--------
2022-03-19 18:38:09,950:INFO: --------Dataset Build!--------
2022-03-19 18:38:09,951:INFO: --------Get Dataloader!--------
2022-03-19 18:38:38,820:INFO: device: cpu
2022-03-19 18:38:38,821:INFO: --------Process Done!--------
2022-03-19 18:38:56,252:INFO: --------Dataset Build!--------
2022-03-19 18:38:56,252:INFO: --------Get Dataloader!--------
2022-03-19 18:39:21,344:INFO: device: cpu
2022-03-19 18:39:21,344:INFO: --------Process Done!--------
2022-03-19 18:39:39,362:INFO: --------Dataset Build!--------
2022-03-19 18:39:39,363:INFO: --------Get Dataloader!--------
2022-03-19 18:39:42,093:INFO: --------Start Training!--------
2022-03-19 21:03:07,062:INFO: device: cpu
2022-03-19 21:03:07,062:INFO: --------Process Done!--------
2022-03-19 21:03:24,421:INFO: --------Dataset Build!--------
2022-03-19 21:03:24,422:INFO: --------Get Dataloader!--------
2022-03-19 21:05:06,061:INFO: device: cpu
2022-03-19 21:05:06,061:INFO: --------Process Done!--------
2022-03-19 21:05:24,458:INFO: --------Dataset Build!--------
2022-03-19 21:05:24,459:INFO: --------Get Dataloader!--------
2022-03-19 21:05:25,399:INFO: --------Start Training!--------
2022-03-19 21:07:57,148:INFO: device: cpu
2022-03-19 21:07:57,149:INFO: --------Process Done!--------
2022-03-19 21:08:14,562:INFO: --------Dataset Build!--------
2022-03-19 21:08:14,563:INFO: --------Get Dataloader!--------
2022-03-19 21:08:15,479:INFO: --------Start Training!--------
2022-03-19 21:09:58,528:INFO: device: cpu
2022-03-19 21:09:58,528:INFO: --------Process Done!--------
2022-03-19 21:10:16,090:INFO: --------Dataset Build!--------
2022-03-19 21:10:16,091:INFO: --------Get Dataloader!--------
2022-03-19 21:12:25,425:INFO: device: cpu
2022-03-19 21:12:25,426:INFO: --------Process Done!--------
2022-03-19 21:12:42,949:INFO: --------Dataset Build!--------
2022-03-19 21:12:42,949:INFO: --------Get Dataloader!--------
2022-03-19 21:12:43,878:INFO: --------Start Training!--------
2022-03-19 21:13:16,633:INFO: device: cpu
2022-03-19 21:13:16,633:INFO: --------Process Done!--------
2022-03-19 21:13:34,075:INFO: --------Dataset Build!--------
2022-03-19 21:13:34,076:INFO: --------Get Dataloader!--------
2022-03-19 21:13:34,998:INFO: --------Start Training!--------
2022-03-19 21:56:30,115:INFO: device: cpu
2022-03-19 21:56:30,116:INFO: --------Process Done!--------
2022-03-19 21:56:47,102:INFO: --------Dataset Build!--------
2022-03-19 21:56:47,102:INFO: --------Get Dataloader!--------
2022-03-19 21:56:48,057:INFO: --------Start Training!--------
